<?xml version="1.0" encoding="UTF-8"?>
<testng-results skipped="0" failed="0" ignored="0" total="1" passed="1">
  <reporter-output>
  </reporter-output>
  <suite name="Default suite" duration-ms="13918" started-at="2021-08-29T23:46:37 IST" finished-at="2021-08-29T23:46:51 IST">
    <groups>
    </groups>
    <test name="Default test" duration-ms="13918" started-at="2021-08-29T23:46:37 IST" finished-at="2021-08-29T23:46:51 IST">
      <class name="postauto.UpdateInc">
        <test-method status="PASS" signature="updateInc()[pri:0, instance:postauto.UpdateInc@14593bf]" name="updateInc" duration-ms="13788" started-at="2021-08-29T23:46:38 IST" finished-at="2021-08-29T23:46:51 IST">
          <reporter-output>
          </reporter-output>
        </test-method> <!-- updateInc -->
      </class> <!-- postauto.UpdateInc -->
    </test> <!-- Default test -->
  </suite> <!-- Default suite -->
</testng-results>
